Copyright 1986-2022 Xilinx, Inc. All Rights Reserved. Copyright 2022-2025 Advanced Micro Devices, Inc. All Rights Reserved.
---------------------------------------------------------------------------------------------------------------------------------------------
| Tool Version : Vivado v.2025.2 (win64) Build 6299465 Fri Nov 14 19:35:11 GMT 2025
| Date         : Tue Apr 14 18:53:34 2026
| Host         : Zevin running 64-bit major release  (build 9200)
| Command      : upgrade_ip
| Device       : xc7z020clg400-2
---------------------------------------------------------------------------------------------------------------------------------------------

Upgrade Log for IP 'ROM'

1. Summary
----------

SUCCESS in the upgrade of ROM (xilinx.com:ip:blk_mem_gen:8.4) from (Rev. 1) to (Rev. 12)






Copyright 1986-2022 Xilinx, Inc. All Rights Reserved. Copyright 2022-2025 Advanced Micro Devices, Inc. All Rights Reserved.
---------------------------------------------------------------------------------------------------------------------------------------------
| Tool Version : Vivado v.2025.2 (win64) Build 6299465 Fri Nov 14 19:35:11 GMT 2025
| Date         : Tue Apr 14 18:53:32 2026
| Host         : Zevin running 64-bit major release  (build 9200)
| Command      : upgrade_ip
| Device       : xc7z020clg400-2
---------------------------------------------------------------------------------------------------------------------------------------------

Upgrade Log for IP 'PLL'

1. Summary
----------

SUCCESS in the upgrade of PLL from xilinx.com:ip:clk_wiz:5.4 (Rev. 3) to xilinx.com:ip:clk_wiz:6.0 (Rev. 17)

