#-----------------------------------------------------------
# Vivado v2025.2 (64-bit)
# SW Build 6299465 on Fri Nov 14 19:35:11 GMT 2025
# IP Build 6300035 on Fri Nov 14 10:48:45 MST 2025
# SharedData Build 6298862 on Thu Nov 13 04:50:51 MST 2025
# Start of session at: Sat May 30 16:16:59 2026
# Process ID         : 14496
# Current directory  : C:/Users/stega/Desktop/example1_wave_read_v7/example1_wave_read_v3
# Command line       : vivado.exe -gui_launcher_event rodinguilauncherevent8444 C:\Users\stega\Desktop\example1_wave_read_v7\example1_wave_read_v3\example1_wave_read_v1.xpr
# Log file           : C:/Users/stega/Desktop/example1_wave_read_v7/example1_wave_read_v3/vivado.log
# Journal file       : C:/Users/stega/Desktop/example1_wave_read_v7/example1_wave_read_v3\vivado.jou
# Running On         : ayamimori
# Platform           : Windows Server 2016 or Windows 10
# Operating System   : 26200
# Processor Detail   : AMD Ryzen 7 7745HX with Radeon Graphics        
# CPU Frequency      : 3593 MHz
# CPU Physical cores : 8
# CPU Logical cores  : 16
# Host memory        : 16295 MB
# Swap memory        : 19327 MB
# Total Virtual      : 35622 MB
# Available Virtual  : 9127 MB
#-----------------------------------------------------------
start_gui
open_project C:/Users/stega/Desktop/example1_wave_read_v7/example1_wave_read_v3/example1_wave_read_v1.xpr
WARNING: [Board 49-26] cannot add Board Part xilinx.com:ac701:part0:1.4 available at D:/for_fpga/2025.2/data/xhub/boards\XilinxBoardStore\boards\Xilinx\ac701\1.4\board.xml as part xc7a200tfbg676-2 specified in board_part file is either invalid or not available
WARNING: [Board 49-26] cannot add Board Part xilinx.com:emb-plus-vpr-4616:part0:1.0 available at D:/for_fpga/2025.2/data/xhub/boards\XilinxBoardStore\boards\Xilinx\emb-plus-vpr-4616\1.0\board.xml as part xcve2302-sfva784-2mp-e-s specified in board_part file is either invalid or not available
WARNING: [Board 49-26] cannot add Board Part xilinx.com:emb-plus-vpr-4616:part0:1.1 available at D:/for_fpga/2025.2/data/xhub/boards\XilinxBoardStore\boards\Xilinx\emb-plus-vpr-4616\1.1\board.xml as part xcve2302-sfva784-2mp-e-s specified in board_part file is either invalid or not available
WARNING: [Board 49-26] cannot add Board Part xilinx.com:kc705:part0:1.6 available at D:/for_fpga/2025.2/data/xhub/boards\XilinxBoardStore\boards\Xilinx\kc705\1.6\board.xml as part xc7k325tffg900-2 specified in board_part file is either invalid or not available
WARNING: [Board 49-26] cannot add Board Part xilinx.com:kc705:part0:1.7 available at D:/for_fpga/2025.2/data/xhub/boards\XilinxBoardStore\boards\Xilinx\kc705\1.7\board.xml as part xc7k325tffg900-2 specified in board_part file is either invalid or not available
WARNING: [Board 49-26] cannot add Board Part xilinx.com:kcu105:part0:1.6 available at D:/for_fpga/2025.2/data/xhub/boards\XilinxBoardStore\boards\Xilinx\kcu105\1.6\board.xml as part xcku040-ffva1156-2-e specified in board_part file is either invalid or not available
WARNING: [Board 49-26] cannot add Board Part xilinx.com:kcu105:part0:1.7 available at D:/for_fpga/2025.2/data/xhub/boards\XilinxBoardStore\boards\Xilinx\kcu105\1.7\board.xml as part xcku040-ffva1156-2-e specified in board_part file is either invalid or not available
WARNING: [Board 49-26] cannot add Board Part xilinx.com:kcu116:part0:1.4 available at D:/for_fpga/2025.2/data/xhub/boards\XilinxBoardStore\boards\Xilinx\kcu116\1.4\board.xml as part xcku5p-ffvb676-2-e specified in board_part file is either invalid or not available
WARNING: [Board 49-26] cannot add Board Part xilinx.com:kcu116:part0:1.5 available at D:/for_fpga/2025.2/data/xhub/boards\XilinxBoardStore\boards\Xilinx\kcu116\1.5\board.xml as part xcku5p-ffvb676-2-e specified in board_part file is either invalid or not available
WARNING: [Board 49-26] cannot add Board Part xilinx.com:kcu1500:part0:1.2 available at D:/for_fpga/2025.2/data/xhub/boards\XilinxBoardStore\boards\Xilinx\kcu1500\1.2\board.xml as part xcku115-flvb2104-2-e specified in board_part file is either invalid or not available
WARNING: [Board 49-26] cannot add Board Part xilinx.com:scu35:part0:1.0 available at D:/for_fpga/2025.2/data/xhub/boards\XilinxBoardStore\boards\Xilinx\scu35\1.0\board.xml as part xcsu35p-sbvb625-2-e specified in board_part file is either invalid or not available
WARNING: [Board 49-26] cannot add Board Part xilinx.com:sp701:part0:1.0 available at D:/for_fpga/2025.2/data/xhub/boards\XilinxBoardStore\boards\Xilinx\sp701\1.0\board.xml as part xc7s100fgga676-2 specified in board_part file is either invalid or not available
WARNING: [Board 49-26] cannot add Board Part xilinx.com:sp701:part0:1.1 available at D:/for_fpga/2025.2/data/xhub/boards\XilinxBoardStore\boards\Xilinx\sp701\1.1\board.xml as part xc7s100fgga676-2 specified in board_part file is either invalid or not available
WARNING: [Board 49-26] cannot add Board Part xilinx.com:v80:part0:1.0 available at D:/for_fpga/2025.2/data/xhub/boards\XilinxBoardStore\boards\Xilinx\v80\1.0\board.xml as part xcv80-lsva4737-2mhp-e-s specified in board_part file is either invalid or not available
WARNING: [Board 49-26] cannot add Board Part xilinx.com:vc707:part0:1.4 available at D:/for_fpga/2025.2/data/xhub/boards\XilinxBoardStore\boards\Xilinx\vc707\1.4\board.xml as part xc7vx485tffg1761-2 specified in board_part file is either invalid or not available
WARNING: [Board 49-26] cannot add Board Part xilinx.com:vc707:part0:1.5 available at D:/for_fpga/2025.2/data/xhub/boards\XilinxBoardStore\boards\Xilinx\vc707\1.5\board.xml as part xc7vx485tffg1761-2 specified in board_part file is either invalid or not available
WARNING: [Board 49-26] cannot add Board Part xilinx.com:vc709:part0:1.8 available at D:/for_fpga/2025.2/data/xhub/boards\XilinxBoardStore\boards\Xilinx\vc709\1.8\board.xml as part xc7vx690tffg1761-2 specified in board_part file is either invalid or not available
WARNING: [Board 49-26] cannot add Board Part xilinx.com:vck190:part0:2.2 available at D:/for_fpga/2025.2/data/xhub/boards\XilinxBoardStore\boards\Xilinx\vck190\production\2.2\board.xml as part xcvc1902-vsva2197-2mp-e-s specified in board_part file is either invalid or not available
WARNING: [Board 49-26] cannot add Board Part xilinx.com:vck190:part0:3.0 available at D:/for_fpga/2025.2/data/xhub/boards\XilinxBoardStore\boards\Xilinx\vck190\production\3.0\board.xml as part xcvc1902-vsva2197-2mp-e-s specified in board_part file is either invalid or not available
WARNING: [Board 49-26] cannot add Board Part xilinx.com:vck190:part0:3.1 available at D:/for_fpga/2025.2/data/xhub/boards\XilinxBoardStore\boards\Xilinx\vck190\production\3.1\board.xml as part xcvc1902-vsva2197-2mp-e-s specified in board_part file is either invalid or not available
WARNING: [Board 49-26] cannot add Board Part xilinx.com:vck190:part0:3.2 available at D:/for_fpga/2025.2/data/xhub/boards\XilinxBoardStore\boards\Xilinx\vck190\production\3.2\board.xml as part xcvc1902-vsva2197-2mp-e-s specified in board_part file is either invalid or not available
WARNING: [Board 49-26] cannot add Board Part xilinx.com:vck190:part0:3.3 available at D:/for_fpga/2025.2/data/xhub/boards\XilinxBoardStore\boards\Xilinx\vck190\production\3.3\board.xml as part xcvc1902-vsva2197-2mp-e-s specified in board_part file is either invalid or not available
WARNING: [Board 49-26] cannot add Board Part xilinx.com:vck190:part0:3.4 available at D:/for_fpga/2025.2/data/xhub/boards\XilinxBoardStore\boards\Xilinx\vck190\production\3.4\board.xml as part xcvc1902-vsva2197-2mp-e-s specified in board_part file is either invalid or not available
WARNING: [Board 49-26] cannot add Board Part xilinx.com:vck190_newl:part0:1.0 available at D:/for_fpga/2025.2/data/xhub/boards\XilinxBoardStore\boards\Xilinx\vck190_newl\production\1.0\board.xml as part xcvc1902-vsva2197-2mp-e-s specified in board_part file is either invalid or not available
WARNING: [Board 49-26] cannot add Board Part xilinx.com:vck190_newl:part0:1.1 available at D:/for_fpga/2025.2/data/xhub/boards\XilinxBoardStore\boards\Xilinx\vck190_newl\production\1.1\board.xml as part xcvc1902-vsva2197-2mp-e-s specified in board_part file is either invalid or not available
WARNING: [Board 49-26] cannot add Board Part xilinx.com:vck190_newl:part0:1.2 available at D:/for_fpga/2025.2/data/xhub/boards\XilinxBoardStore\boards\Xilinx\vck190_newl\production\1.2\board.xml as part xcvc1902-vsva2197-2mp-e-s specified in board_part file is either invalid or not available
WARNING: [Board 49-26] cannot add Board Part xilinx.com:vck190_newl:part0:1.3 available at D:/for_fpga/2025.2/data/xhub/boards\XilinxBoardStore\boards\Xilinx\vck190_newl\production\1.3\board.xml as part xcvc1902-vsva2197-2mp-e-s specified in board_part file is either invalid or not available
WARNING: [Board 49-26] cannot add Board Part xilinx.com:vcu108:part0:1.6 available at D:/for_fpga/2025.2/data/xhub/boards\XilinxBoardStore\boards\Xilinx\vcu108\1.6\board.xml as part xcvu095-ffva2104-2-e specified in board_part file is either invalid or not available
WARNING: [Board 49-26] cannot add Board Part xilinx.com:vcu108:part0:1.7 available at D:/for_fpga/2025.2/data/xhub/boards\XilinxBoardStore\boards\Xilinx\vcu108\1.7\board.xml as part xcvu095-ffva2104-2-e specified in board_part file is either invalid or not available
WARNING: [Board 49-26] cannot add Board Part xilinx.com:vcu110:part0:1.4 available at D:/for_fpga/2025.2/data/xhub/boards\XilinxBoardStore\boards\Xilinx\vcu110\1.4\board.xml as part xcvu190-flgc2104-2-e specified in board_part file is either invalid or not available
WARNING: [Board 49-26] cannot add Board Part xilinx.com:vcu118:part0:2.0 available at D:/for_fpga/2025.2/data/xhub/boards\XilinxBoardStore\boards\Xilinx\vcu118\2.0\board.xml as part xcvu9p-flga2104-2l-e specified in board_part file is either invalid or not available
WARNING: [Board 49-26] cannot add Board Part xilinx.com:vcu118:part0:2.3 available at D:/for_fpga/2025.2/data/xhub/boards\XilinxBoardStore\boards\Xilinx\vcu118\2.3\board.xml as part xcvu9p-flga2104-2l-e specified in board_part file is either invalid or not available
WARNING: [Board 49-26] cannot add Board Part xilinx.com:vcu118:part0:2.4 available at D:/for_fpga/2025.2/data/xhub/boards\XilinxBoardStore\boards\Xilinx\vcu118\2.4\board.xml as part xcvu9p-flga2104-2l-e specified in board_part file is either invalid or not available
WARNING: [Board 49-26] cannot add Board Part xilinx.com:vcu128:part0:1.0 available at D:/for_fpga/2025.2/data/xhub/boards\XilinxBoardStore\boards\Xilinx\vcu128\production\1.0\board.xml as part xcvu37p-fsvh2892-2l-e specified in board_part file is either invalid or not available
WARNING: [Board 49-26] cannot add Board Part xilinx.com:vcu129:part0:1.0 available at D:/for_fpga/2025.2/data/xhub/boards\XilinxBoardStore\boards\Xilinx\vcu129\production\1.0\board.xml as part xcvu29p-fsga2577-2l-e specified in board_part file is either invalid or not available
WARNING: [Board 49-26] cannot add Board Part xilinx.com:vcu1525:part0:1.3 available at D:/for_fpga/2025.2/data/xhub/boards\XilinxBoardStore\boards\Xilinx\vcu1525\1.3\board.xml as part xcvu9p-fsgd2104-2l-e specified in board_part file is either invalid or not available
WARNING: [Board 49-26] cannot add Board Part xilinx.com:vek280:part0:1.0 available at D:/for_fpga/2025.2/data/xhub/boards\XilinxBoardStore\boards\Xilinx\vek280\production\1.0\board.xml as part xcve2802-vsvh1760-2mp-e-s specified in board_part file is either invalid or not available
WARNING: [Board 49-26] cannot add Board Part xilinx.com:vek280:part0:1.1 available at D:/for_fpga/2025.2/data/xhub/boards\XilinxBoardStore\boards\Xilinx\vek280\production\1.1\board.xml as part xcve2802-vsvh1760-2mp-e-s specified in board_part file is either invalid or not available
WARNING: [Board 49-26] cannot add Board Part xilinx.com:vek280:part0:1.2 available at D:/for_fpga/2025.2/data/xhub/boards\XilinxBoardStore\boards\Xilinx\vek280\production\1.2\board.xml as part xcve2802-vsvh1760-2mp-e-s specified in board_part file is either invalid or not available
WARNING: [Board 49-26] cannot add Board Part xilinx.com:vek385:part0:1.0 available at D:/for_fpga/2025.2/data/xhub/boards\XilinxBoardStore\boards\Xilinx\vek385\1.0\board.xml as part xc2ve3858-ssva2112-2mp-e-s specified in board_part file is either invalid or not available
WARNING: [Board 49-26] cannot add Board Part xilinx.com:vek385:part0:1.1 available at D:/for_fpga/2025.2/data/xhub/boards\XilinxBoardStore\boards\Xilinx\vek385\1.1\board.xml as part xc2ve3858-ssva2112-2mp-e-s specified in board_part file is either invalid or not available
WARNING: [Board 49-26] cannot add Board Part xilinx.com:vek385_1:part0:1.0 available at D:/for_fpga/2025.2/data/xhub/boards\XilinxBoardStore\boards\Xilinx\vek385_2\1.0\board.xml as part xc2ve3858-ssva2112-2mp-e-s specified in board_part file is either invalid or not available
WARNING: [Board 49-26] cannot add Board Part xilinx.com:vhk158:part0:1.0 available at D:/for_fpga/2025.2/data/xhub/boards\XilinxBoardStore\boards\Xilinx\vhk158\production\1.0\board.xml as part xcvh1582-vsva3697-2mp-e-s specified in board_part file is either invalid or not available
WARNING: [Board 49-26] cannot add Board Part xilinx.com:vhk158:part0:1.1 available at D:/for_fpga/2025.2/data/xhub/boards\XilinxBoardStore\boards\Xilinx\vhk158\production\1.1\board.xml as part xcvh1582-vsva3697-2mp-e-s specified in board_part file is either invalid or not available
WARNING: [Board 49-26] cannot add Board Part xilinx.com:vhk158:part0:1.2 available at D:/for_fpga/2025.2/data/xhub/boards\XilinxBoardStore\boards\Xilinx\vhk158\production\1.2\board.xml as part xcvh1582-vsva3697-2mp-e-s specified in board_part file is either invalid or not available
WARNING: [Board 49-26] cannot add Board Part xilinx.com:vmk180:part0:2.2 available at D:/for_fpga/2025.2/data/xhub/boards\XilinxBoardStore\boards\Xilinx\vmk180\production\2.2\board.xml as part xcvm1802-vsva2197-2mp-e-s specified in board_part file is either invalid or not available
WARNING: [Board 49-26] cannot add Board Part xilinx.com:vmk180:part0:3.0 available at D:/for_fpga/2025.2/data/xhub/boards\XilinxBoardStore\boards\Xilinx\vmk180\production\3.0\board.xml as part xcvm1802-vsva2197-2mp-e-s specified in board_part file is either invalid or not available
WARNING: [Board 49-26] cannot add Board Part xilinx.com:vmk180:part0:3.1 available at D:/for_fpga/2025.2/data/xhub/boards\XilinxBoardStore\boards\Xilinx\vmk180\production\3.1\board.xml as part xcvm1802-vsva2197-2mp-e-s specified in board_part file is either invalid or not available
WARNING: [Board 49-26] cannot add Board Part xilinx.com:vmk180:part0:3.2 available at D:/for_fpga/2025.2/data/xhub/boards\XilinxBoardStore\boards\Xilinx\vmk180\production\3.2\board.xml as part xcvm1802-vsva2197-2mp-e-s specified in board_part file is either invalid or not available
WARNING: [Board 49-26] cannot add Board Part xilinx.com:vmk180:part0:3.3 available at D:/for_fpga/2025.2/data/xhub/boards\XilinxBoardStore\boards\Xilinx\vmk180\production\3.3\board.xml as part xcvm1802-vsva2197-2mp-e-s specified in board_part file is either invalid or not available
WARNING: [Board 49-26] cannot add Board Part xilinx.com:vmk180_newl:part0:1.0 available at D:/for_fpga/2025.2/data/xhub/boards\XilinxBoardStore\boards\Xilinx\vmk180_newl\production\1.0\board.xml as part xcvm1802-vsva2197-2mp-e-s specified in board_part file is either invalid or not available
WARNING: [Board 49-26] cannot add Board Part xilinx.com:vmk180_newl:part0:1.1 available at D:/for_fpga/2025.2/data/xhub/boards\XilinxBoardStore\boards\Xilinx\vmk180_newl\production\1.1\board.xml as part xcvm1802-vsva2197-2mp-e-s specified in board_part file is either invalid or not available
WARNING: [Board 49-26] cannot add Board Part xilinx.com:vpk120:part0:1.0 available at D:/for_fpga/2025.2/data/xhub/boards\XilinxBoardStore\boards\Xilinx\vpk120\production\1.0\board.xml as part xcvp1202-vsva2785-2mp-e-s specified in board_part file is either invalid or not available
WARNING: [Board 49-26] cannot add Board Part xilinx.com:vpk120:part0:1.1 available at D:/for_fpga/2025.2/data/xhub/boards\XilinxBoardStore\boards\Xilinx\vpk120\production\1.1\board.xml as part xcvp1202-vsva2785-2mp-e-s specified in board_part file is either invalid or not available
WARNING: [Board 49-26] cannot add Board Part xilinx.com:vpk120:part0:1.2 available at D:/for_fpga/2025.2/data/xhub/boards\XilinxBoardStore\boards\Xilinx\vpk120\production\1.2\board.xml as part xcvp1202-vsva2785-2mp-e-s specified in board_part file is either invalid or not available
WARNING: [Board 49-26] cannot add Board Part xilinx.com:vpk180:part0:1.0 available at D:/for_fpga/2025.2/data/xhub/boards\XilinxBoardStore\boards\Xilinx\vpk180\production\1.0\board.xml as part xcvp1802-lsvc4072-2mp-e-s specified in board_part file is either invalid or not available
WARNING: [Board 49-26] cannot add Board Part xilinx.com:vpk180:part0:1.1 available at D:/for_fpga/2025.2/data/xhub/boards\XilinxBoardStore\boards\Xilinx\vpk180\production\1.1\board.xml as part xcvp1802-lsvc4072-2mp-e-s specified in board_part file is either invalid or not available
WARNING: [Board 49-26] cannot add Board Part xilinx.com:vpk180:part0:1.2 available at D:/for_fpga/2025.2/data/xhub/boards\XilinxBoardStore\boards\Xilinx\vpk180\production\1.2\board.xml as part xcvp1802-lsvc4072-2mp-e-s specified in board_part file is either invalid or not available
WARNING: [Board 49-26] cannot add Board Part xilinx.com:vrk160:part0:1.0 available at D:/for_fpga/2025.2/data/xhub/boards\XilinxBoardStore\boards\Xilinx\vrk160\1.0\board.xml as part xcvr1602-vsva2488-2mp-e-s-es1 specified in board_part file is either invalid or not available
WARNING: [Board 49-26] cannot add Board Part xilinx.com:vrk160:part0:1.1 available at D:/for_fpga/2025.2/data/xhub/boards\XilinxBoardStore\boards\Xilinx\vrk160\1.1\board.xml as part xcvr1602-vsva2488-2mp-e-s-es1 specified in board_part file is either invalid or not available
WARNING: [Board 49-26] cannot add Board Part xilinx.com:zcu208ld:part0:2.0 available at D:/for_fpga/2025.2/data/xhub/boards\XilinxBoardStore\boards\Xilinx\zcu208ld\production\2.0\board.xml as part xczu58dr-fsvg1517-2-i specified in board_part file is either invalid or not available
WARNING: [Board 49-26] cannot add Board Part xilinx.com:zcu216ld:part0:2.0 available at D:/for_fpga/2025.2/data/xhub/boards\XilinxBoardStore\boards\Xilinx\zcu216ld\production\2.0\board.xml as part xczu59dr-ffvf1760-2-i specified in board_part file is either invalid or not available
WARNING: [Board 49-26] cannot add Board Part xilinx.com:zcu670ld:part0:1.0 available at D:/for_fpga/2025.2/data/xhub/boards\XilinxBoardStore\boards\Xilinx\zcu670ld\1.0\board.xml as part xczu57dr-fsve1156-2-i specified in board_part file is either invalid or not available
Scanning sources...
Finished scanning sources
WARNING: [Board 49-26] cannot add Board Part xilinx.com:ac701:part0:1.4 available at D:/for_fpga/2025.2/data/xhub/boards\XilinxBoardStore\boards\Xilinx\ac701\1.4\board.xml as part xc7a200tfbg676-2 specified in board_part file is either invalid or not available
WARNING: [Board 49-26] cannot add Board Part xilinx.com:emb-plus-vpr-4616:part0:1.0 available at D:/for_fpga/2025.2/data/xhub/boards\XilinxBoardStore\boards\Xilinx\emb-plus-vpr-4616\1.0\board.xml as part xcve2302-sfva784-2mp-e-s specified in board_part file is either invalid or not available
WARNING: [Board 49-26] cannot add Board Part xilinx.com:emb-plus-vpr-4616:part0:1.1 available at D:/for_fpga/2025.2/data/xhub/boards\XilinxBoardStore\boards\Xilinx\emb-plus-vpr-4616\1.1\board.xml as part xcve2302-sfva784-2mp-e-s specified in board_part file is either invalid or not available
WARNING: [Board 49-26] cannot add Board Part xilinx.com:kc705:part0:1.6 available at D:/for_fpga/2025.2/data/xhub/boards\XilinxBoardStore\boards\Xilinx\kc705\1.6\board.xml as part xc7k325tffg900-2 specified in board_part file is either invalid or not available
WARNING: [Board 49-26] cannot add Board Part xilinx.com:kc705:part0:1.7 available at D:/for_fpga/2025.2/data/xhub/boards\XilinxBoardStore\boards\Xilinx\kc705\1.7\board.xml as part xc7k325tffg900-2 specified in board_part file is either invalid or not available
WARNING: [Board 49-26] cannot add Board Part xilinx.com:kcu105:part0:1.6 available at D:/for_fpga/2025.2/data/xhub/boards\XilinxBoardStore\boards\Xilinx\kcu105\1.6\board.xml as part xcku040-ffva1156-2-e specified in board_part file is either invalid or not available
WARNING: [Board 49-26] cannot add Board Part xilinx.com:kcu105:part0:1.7 available at D:/for_fpga/2025.2/data/xhub/boards\XilinxBoardStore\boards\Xilinx\kcu105\1.7\board.xml as part xcku040-ffva1156-2-e specified in board_part file is either invalid or not available
WARNING: [Board 49-26] cannot add Board Part xilinx.com:kcu116:part0:1.4 available at D:/for_fpga/2025.2/data/xhub/boards\XilinxBoardStore\boards\Xilinx\kcu116\1.4\board.xml as part xcku5p-ffvb676-2-e specified in board_part file is either invalid or not available
WARNING: [Board 49-26] cannot add Board Part xilinx.com:kcu116:part0:1.5 available at D:/for_fpga/2025.2/data/xhub/boards\XilinxBoardStore\boards\Xilinx\kcu116\1.5\board.xml as part xcku5p-ffvb676-2-e specified in board_part file is either invalid or not available
WARNING: [Board 49-26] cannot add Board Part xilinx.com:kcu1500:part0:1.2 available at D:/for_fpga/2025.2/data/xhub/boards\XilinxBoardStore\boards\Xilinx\kcu1500\1.2\board.xml as part xcku115-flvb2104-2-e specified in board_part file is either invalid or not available
WARNING: [Board 49-26] cannot add Board Part xilinx.com:scu35:part0:1.0 available at D:/for_fpga/2025.2/data/xhub/boards\XilinxBoardStore\boards\Xilinx\scu35\1.0\board.xml as part xcsu35p-sbvb625-2-e specified in board_part file is either invalid or not available
WARNING: [Board 49-26] cannot add Board Part xilinx.com:sp701:part0:1.0 available at D:/for_fpga/2025.2/data/xhub/boards\XilinxBoardStore\boards\Xilinx\sp701\1.0\board.xml as part xc7s100fgga676-2 specified in board_part file is either invalid or not available
WARNING: [Board 49-26] cannot add Board Part xilinx.com:sp701:part0:1.1 available at D:/for_fpga/2025.2/data/xhub/boards\XilinxBoardStore\boards\Xilinx\sp701\1.1\board.xml as part xc7s100fgga676-2 specified in board_part file is either invalid or not available
WARNING: [Board 49-26] cannot add Board Part xilinx.com:v80:part0:1.0 available at D:/for_fpga/2025.2/data/xhub/boards\XilinxBoardStore\boards\Xilinx\v80\1.0\board.xml as part xcv80-lsva4737-2mhp-e-s specified in board_part file is either invalid or not available
WARNING: [Board 49-26] cannot add Board Part xilinx.com:vc707:part0:1.4 available at D:/for_fpga/2025.2/data/xhub/boards\XilinxBoardStore\boards\Xilinx\vc707\1.4\board.xml as part xc7vx485tffg1761-2 specified in board_part file is either invalid or not available
WARNING: [Board 49-26] cannot add Board Part xilinx.com:vc707:part0:1.5 available at D:/for_fpga/2025.2/data/xhub/boards\XilinxBoardStore\boards\Xilinx\vc707\1.5\board.xml as part xc7vx485tffg1761-2 specified in board_part file is either invalid or not available
WARNING: [Board 49-26] cannot add Board Part xilinx.com:vc709:part0:1.8 available at D:/for_fpga/2025.2/data/xhub/boards\XilinxBoardStore\boards\Xilinx\vc709\1.8\board.xml as part xc7vx690tffg1761-2 specified in board_part file is either invalid or not available
WARNING: [Board 49-26] cannot add Board Part xilinx.com:vck190:part0:2.2 available at D:/for_fpga/2025.2/data/xhub/boards\XilinxBoardStore\boards\Xilinx\vck190\production\2.2\board.xml as part xcvc1902-vsva2197-2mp-e-s specified in board_part file is either invalid or not available
WARNING: [Board 49-26] cannot add Board Part xilinx.com:vck190:part0:3.0 available at D:/for_fpga/2025.2/data/xhub/boards\XilinxBoardStore\boards\Xilinx\vck190\production\3.0\board.xml as part xcvc1902-vsva2197-2mp-e-s specified in board_part file is either invalid or not available
WARNING: [Board 49-26] cannot add Board Part xilinx.com:vck190:part0:3.1 available at D:/for_fpga/2025.2/data/xhub/boards\XilinxBoardStore\boards\Xilinx\vck190\production\3.1\board.xml as part xcvc1902-vsva2197-2mp-e-s specified in board_part file is either invalid or not available
WARNING: [Board 49-26] cannot add Board Part xilinx.com:vck190:part0:3.2 available at D:/for_fpga/2025.2/data/xhub/boards\XilinxBoardStore\boards\Xilinx\vck190\production\3.2\board.xml as part xcvc1902-vsva2197-2mp-e-s specified in board_part file is either invalid or not available
WARNING: [Board 49-26] cannot add Board Part xilinx.com:vck190:part0:3.3 available at D:/for_fpga/2025.2/data/xhub/boards\XilinxBoardStore\boards\Xilinx\vck190\production\3.3\board.xml as part xcvc1902-vsva2197-2mp-e-s specified in board_part file is either invalid or not available
WARNING: [Board 49-26] cannot add Board Part xilinx.com:vck190:part0:3.4 available at D:/for_fpga/2025.2/data/xhub/boards\XilinxBoardStore\boards\Xilinx\vck190\production\3.4\board.xml as part xcvc1902-vsva2197-2mp-e-s specified in board_part file is either invalid or not available
WARNING: [Board 49-26] cannot add Board Part xilinx.com:vck190_newl:part0:1.0 available at D:/for_fpga/2025.2/data/xhub/boards\XilinxBoardStore\boards\Xilinx\vck190_newl\production\1.0\board.xml as part xcvc1902-vsva2197-2mp-e-s specified in board_part file is either invalid or not available
WARNING: [Board 49-26] cannot add Board Part xilinx.com:vck190_newl:part0:1.1 available at D:/for_fpga/2025.2/data/xhub/boards\XilinxBoardStore\boards\Xilinx\vck190_newl\production\1.1\board.xml as part xcvc1902-vsva2197-2mp-e-s specified in board_part file is either invalid or not available
WARNING: [Board 49-26] cannot add Board Part xilinx.com:vck190_newl:part0:1.2 available at D:/for_fpga/2025.2/data/xhub/boards\XilinxBoardStore\boards\Xilinx\vck190_newl\production\1.2\board.xml as part xcvc1902-vsva2197-2mp-e-s specified in board_part file is either invalid or not available
WARNING: [Board 49-26] cannot add Board Part xilinx.com:vck190_newl:part0:1.3 available at D:/for_fpga/2025.2/data/xhub/boards\XilinxBoardStore\boards\Xilinx\vck190_newl\production\1.3\board.xml as part xcvc1902-vsva2197-2mp-e-s specified in board_part file is either invalid or not available
WARNING: [Board 49-26] cannot add Board Part xilinx.com:vcu108:part0:1.6 available at D:/for_fpga/2025.2/data/xhub/boards\XilinxBoardStore\boards\Xilinx\vcu108\1.6\board.xml as part xcvu095-ffva2104-2-e specified in board_part file is either invalid or not available
WARNING: [Board 49-26] cannot add Board Part xilinx.com:vcu108:part0:1.7 available at D:/for_fpga/2025.2/data/xhub/boards\XilinxBoardStore\boards\Xilinx\vcu108\1.7\board.xml as part xcvu095-ffva2104-2-e specified in board_part file is either invalid or not available
WARNING: [Board 49-26] cannot add Board Part xilinx.com:vcu110:part0:1.4 available at D:/for_fpga/2025.2/data/xhub/boards\XilinxBoardStore\boards\Xilinx\vcu110\1.4\board.xml as part xcvu190-flgc2104-2-e specified in board_part file is either invalid or not available
WARNING: [Board 49-26] cannot add Board Part xilinx.com:vcu118:part0:2.0 available at D:/for_fpga/2025.2/data/xhub/boards\XilinxBoardStore\boards\Xilinx\vcu118\2.0\board.xml as part xcvu9p-flga2104-2l-e specified in board_part file is either invalid or not available
WARNING: [Board 49-26] cannot add Board Part xilinx.com:vcu118:part0:2.3 available at D:/for_fpga/2025.2/data/xhub/boards\XilinxBoardStore\boards\Xilinx\vcu118\2.3\board.xml as part xcvu9p-flga2104-2l-e specified in board_part file is either invalid or not available
WARNING: [Board 49-26] cannot add Board Part xilinx.com:vcu118:part0:2.4 available at D:/for_fpga/2025.2/data/xhub/boards\XilinxBoardStore\boards\Xilinx\vcu118\2.4\board.xml as part xcvu9p-flga2104-2l-e specified in board_part file is either invalid or not available
WARNING: [Board 49-26] cannot add Board Part xilinx.com:vcu128:part0:1.0 available at D:/for_fpga/2025.2/data/xhub/boards\XilinxBoardStore\boards\Xilinx\vcu128\production\1.0\board.xml as part xcvu37p-fsvh2892-2l-e specified in board_part file is either invalid or not available
WARNING: [Board 49-26] cannot add Board Part xilinx.com:vcu129:part0:1.0 available at D:/for_fpga/2025.2/data/xhub/boards\XilinxBoardStore\boards\Xilinx\vcu129\production\1.0\board.xml as part xcvu29p-fsga2577-2l-e specified in board_part file is either invalid or not available
WARNING: [Board 49-26] cannot add Board Part xilinx.com:vcu1525:part0:1.3 available at D:/for_fpga/2025.2/data/xhub/boards\XilinxBoardStore\boards\Xilinx\vcu1525\1.3\board.xml as part xcvu9p-fsgd2104-2l-e specified in board_part file is either invalid or not available
WARNING: [Board 49-26] cannot add Board Part xilinx.com:vek280:part0:1.0 available at D:/for_fpga/2025.2/data/xhub/boards\XilinxBoardStore\boards\Xilinx\vek280\production\1.0\board.xml as part xcve2802-vsvh1760-2mp-e-s specified in board_part file is either invalid or not available
INFO: [Common 17-14] Message 'Board 49-26' appears 100 times and further instances of the messages will be disabled. Use the Tcl command set_msg_config to change the current settings.
WARNING: [Project 1-5713] Board part '' set for the project  is not found. BoardPart property will be unset. Please select board from latest repo build 
INFO: [IP_Flow 19-234] Refreshing IP repositories
INFO: [IP_Flow 19-1704] No user IP repositories specified
INFO: [IP_Flow 19-2313] Loaded Vivado IP repository 'D:/for_fpga/2025.2/Vivado/data/ip'.
open_project: Time (s): cpu = 00:00:23 ; elapsed = 00:00:11 . Memory (MB): peak = 1815.492 ; gain = 305.430
update_compile_order -fileset sources_1
open_bd_design {C:/Users/stega/Desktop/example1_wave_read_v7/example1_wave_read_v3/example1_wave_read_v1.srcs/sources_1/bd/zynq_system/zynq_system.bd}
Reading block design file <C:/Users/stega/Desktop/example1_wave_read_v7/example1_wave_read_v3/example1_wave_read_v1.srcs/sources_1/bd/zynq_system/zynq_system.bd>...
Adding component instance block -- xilinx.com:ip:processing_system7:5.5 - processing_system7_0
Adding component instance block -- xilinx.com:module_ref:top_system:1.0 - top_system_0
Adding component instance block -- xilinx.com:ip:axi_dma:7.1 - axi_dma_0
Adding component instance block -- xilinx.com:ip:axi_gpio:2.0 - axi_gpio_0
Adding component instance block -- xilinx.com:ip:axi_gpio:2.0 - axi_gpio_1
Adding component instance block -- xilinx.com:ip:axi_gpio:2.0 - axi_gpio_2
Adding component instance block -- xilinx.com:ip:smartconnect:1.0 - axi_smc
Adding component instance block -- xilinx.com:ip:proc_sys_reset:5.0 - rst_ps7_0_50M
Adding component instance block -- xilinx.com:ip:axi_interconnect:2.1 - axi_mem_intercon
Adding component instance block -- xilinx.com:ip:axi_protocol_converter:2.1 - auto_pc
Adding component instance block -- xilinx.com:ip:axi_dwidth_converter:2.1 - auto_us
Successfully read diagram <zynq_system> from block design file <C:/Users/stega/Desktop/example1_wave_read_v7/example1_wave_read_v3/example1_wave_read_v1.srcs/sources_1/bd/zynq_system/zynq_system.bd>
open_bd_design: Time (s): cpu = 00:00:05 ; elapsed = 00:00:05 . Memory (MB): peak = 1833.328 ; gain = 17.836
make_wrapper -files [get_files C:/Users/stega/Desktop/example1_wave_read_v7/example1_wave_read_v3/example1_wave_read_v1.srcs/sources_1/bd/zynq_system/zynq_system.bd] -top
INFO: [BD 41-1662] The design 'zynq_system.bd' is already validated. Therefore parameter propagation will not be re-run.
Verilog Output written to : c:/Users/stega/Desktop/example1_wave_read_v7/example1_wave_read_v3/example1_wave_read_v1.gen/sources_1/bd/zynq_system/synth/zynq_system.v
Verilog Output written to : c:/Users/stega/Desktop/example1_wave_read_v7/example1_wave_read_v3/example1_wave_read_v1.gen/sources_1/bd/zynq_system/sim/zynq_system.v
Verilog Output written to : c:/Users/stega/Desktop/example1_wave_read_v7/example1_wave_read_v3/example1_wave_read_v1.gen/sources_1/bd/zynq_system/hdl/zynq_system_wrapper.v
generate_target all [get_files  C:/Users/stega/Desktop/example1_wave_read_v7/example1_wave_read_v3/example1_wave_read_v1.srcs/sources_1/bd/zynq_system/zynq_system.bd]
INFO: [BD 41-1662] The design 'zynq_system.bd' is already validated. Therefore parameter propagation will not be re-run.
Verilog Output written to : c:/Users/stega/Desktop/example1_wave_read_v7/example1_wave_read_v3/example1_wave_read_v1.gen/sources_1/bd/zynq_system/synth/zynq_system.v
Verilog Output written to : c:/Users/stega/Desktop/example1_wave_read_v7/example1_wave_read_v3/example1_wave_read_v1.gen/sources_1/bd/zynq_system/sim/zynq_system.v
Verilog Output written to : c:/Users/stega/Desktop/example1_wave_read_v7/example1_wave_read_v3/example1_wave_read_v1.gen/sources_1/bd/zynq_system/hdl/zynq_system_wrapper.v
INFO: [BD 41-1029] Generation completed for the IP Integrator block top_system_0 .
Exporting to file c:/Users/stega/Desktop/example1_wave_read_v7/example1_wave_read_v3/example1_wave_read_v1.gen/sources_1/bd/zynq_system/ip/zynq_system_axi_smc_0/bd_0/hw_handoff/zynq_system_axi_smc_0.hwh
Generated Hardware Definition File c:/Users/stega/Desktop/example1_wave_read_v7/example1_wave_read_v3/example1_wave_read_v1.gen/sources_1/bd/zynq_system/ip/zynq_system_axi_smc_0/bd_0/synth/zynq_system_axi_smc_0.hwdef
INFO: [BD 41-1029] Generation completed for the IP Integrator block axi_mem_intercon/s00_couplers/auto_pc .
INFO: [BD 41-1029] Generation completed for the IP Integrator block axi_mem_intercon/s00_couplers/auto_us .
Exporting to file c:/Users/stega/Desktop/example1_wave_read_v7/example1_wave_read_v3/example1_wave_read_v1.gen/sources_1/bd/zynq_system/hw_handoff/zynq_system.hwh
Generated Hardware Definition File c:/Users/stega/Desktop/example1_wave_read_v7/example1_wave_read_v3/example1_wave_read_v1.gen/sources_1/bd/zynq_system/synth/zynq_system.hwdef
INFO: [BD 41-3262] Generated VHDL Instantiation Template file c:/Users/stega/Desktop/example1_wave_read_v7/example1_wave_read_v3/example1_wave_read_v1.gen/sources_1/bd/zynq_system/zynq_system.vho
INFO: [BD 41-3262] Generated Verilog Instantiation Template file c:/Users/stega/Desktop/example1_wave_read_v7/example1_wave_read_v3/example1_wave_read_v1.gen/sources_1/bd/zynq_system/zynq_system.veo
INFO: [BD 41-3262] Generated System Verilog Instantiation Template file c:/Users/stega/Desktop/example1_wave_read_v7/example1_wave_read_v3/example1_wave_read_v1.gen/sources_1/bd/zynq_system/zynq_system_sv.sveo
generate_target: Time (s): cpu = 00:00:06 ; elapsed = 00:00:07 . Memory (MB): peak = 1887.895 ; gain = 34.301
export_ip_user_files -of_objects [get_files C:/Users/stega/Desktop/example1_wave_read_v7/example1_wave_read_v3/example1_wave_read_v1.srcs/sources_1/bd/zynq_system/zynq_system.bd] -no_script -sync -force -quiet
export_simulation -lib_map_path [list {modelsim=C:/Users/stega/Desktop/example1_wave_read_v7/example1_wave_read_v3/example1_wave_read_v1.cache/compile_simlib/modelsim} {questa=C:/Users/stega/Desktop/example1_wave_read_v7/example1_wave_read_v3/example1_wave_read_v1.cache/compile_simlib/questa} {riviera=C:/Users/stega/Desktop/example1_wave_read_v7/example1_wave_read_v3/example1_wave_read_v1.cache/compile_simlib/riviera} {activehdl=C:/Users/stega/Desktop/example1_wave_read_v7/example1_wave_read_v3/example1_wave_read_v1.cache/compile_simlib/activehdl}] -of_objects [get_files C:/Users/stega/Desktop/example1_wave_read_v7/example1_wave_read_v3/example1_wave_read_v1.srcs/sources_1/bd/zynq_system/zynq_system.bd] -directory C:/Users/stega/Desktop/example1_wave_read_v7/example1_wave_read_v3/example1_wave_read_v1.ip_user_files/sim_scripts -ip_user_files_dir C:/Users/stega/Desktop/example1_wave_read_v7/example1_wave_read_v3/example1_wave_read_v1.ip_user_files -ipstatic_source_dir C:/Users/stega/Desktop/example1_wave_read_v7/example1_wave_read_v3/example1_wave_read_v1.ip_user_files/ipstatic -use_ip_compiled_libs -force -quiet
reset_run synth_1
INFO: [Project 1-1161] Replacing file C:/Users/stega/Desktop/example1_wave_read_v7/example1_wave_read_v3/example1_wave_read_v1.srcs/utils_1/imports/synth_1/zynq_system_wrapper.dcp with file C:/Users/stega/Desktop/example1_wave_read_v7/example1_wave_read_v3/example1_wave_read_v1.runs/synth_1/zynq_system_wrapper.dcp
launch_runs impl_1 -to_step write_bitstream -jobs 16
INFO: [Vivado 12-4149] The synthesis checkpoint for IP 'C:/Users/stega/Desktop/example1_wave_read_v7/example1_wave_read_v3/example1_wave_read_v1.srcs/sources_1/ip/tri_rom_1024x14/tri_rom_1024x14.xci' is already up-to-date
INFO: [Vivado 12-4149] The synthesis checkpoint for IP 'C:/Users/stega/Desktop/example1_wave_read_v7/example1_wave_read_v3/example1_wave_read_v1.srcs/sources_1/ip/sin_rom_1024x14/sin_rom_1024x14.xci' is already up-to-date
[Sat May 30 16:19:32 2026] Launched synth_1...
Run output will be captured here: C:/Users/stega/Desktop/example1_wave_read_v7/example1_wave_read_v3/example1_wave_read_v1.runs/synth_1/runme.log
[Sat May 30 16:19:32 2026] Launched impl_1...
Run output will be captured here: C:/Users/stega/Desktop/example1_wave_read_v7/example1_wave_read_v3/example1_wave_read_v1.runs/impl_1/runme.log
open_hw_manager
write_hw_platform -fixed -include_bit -force -file C:/Users/stega/Desktop/example1_wave_read_v7/example1_wave_read_v3/zynq_system_wrapper.xsa
INFO: [Projectvivado 1-1918] Creating Hardware Platform: C:/Users/stega/Desktop/example1_wave_read_v7/example1_wave_read_v3/zynq_system_wrapper.xsa ...
INFO: [Projectvivado 1-1943] The Hardware Platform can be used for Hardware
INFO: [Projectvivado 1-1941] Successfully created Hardware Platform: C:/Users/stega/Desktop/example1_wave_read_v7/example1_wave_read_v3/zynq_system_wrapper.xsa
INFO: [Hsi 55-2053] elapsed time for repository (D:/for_fpga/2025.2/Vivado/data/embeddedsw) loading 0 seconds
close_hw_manager
WARNING: [IP_Flow 19-4067] Ignoring invalid widget type specified checkbox.Providing a default widget
WARNING: [IP_Flow 19-4067] Ignoring invalid widget type specified checkbox.Providing a default widget
set_property CONFIG.Enable_A {Always_Enabled} [get_ips tri_rom_1024x14]
WARNING: [filemgmt 56-199] Attempt to get parsing info during refresh. "On-the-fly" syntax checking information may be incorrect. [C:\Users\stega\Desktop\example1_wave_read_v7\example1_wave_read_v3\example1_wave_read_v1.srcs\sources_1\new\an9767_driver.v:]
WARNING: [filemgmt 56-199] Attempt to get parsing info during refresh. "On-the-fly" syntax checking information may be incorrect. [C:\Users\stega\Desktop\example1_wave_read_v7\example1_wave_read_v3\example1_wave_read_v1.srcs\sources_1\new\dds_generator.v:]
WARNING: [filemgmt 56-199] Attempt to get parsing info during refresh. "On-the-fly" syntax checking information may be incorrect. [C:\Users\stega\Desktop\example1_wave_read_v7\example1_wave_read_v3\example1_wave_read_v1.srcs\sources_1\new\an9767_driver.v:]
WARNING: [filemgmt 56-199] Attempt to get parsing info during refresh. "On-the-fly" syntax checking information may be incorrect. [C:\Users\stega\Desktop\example1_wave_read_v7\example1_wave_read_v3\example1_wave_read_v1.srcs\sources_1\new\an9767_driver.v:]
generate_target all [get_files  C:/Users/stega/Desktop/example1_wave_read_v7/example1_wave_read_v3/example1_wave_read_v1.srcs/sources_1/ip/tri_rom_1024x14/tri_rom_1024x14.xci]
INFO: [IP_Flow 19-1686] Generating 'Instantiation Template' target for IP 'tri_rom_1024x14'...
INFO: [IP_Flow 19-1686] Generating 'Synthesis' target for IP 'tri_rom_1024x14'...
INFO: [IP_Flow 19-1686] Generating 'Simulation' target for IP 'tri_rom_1024x14'...
INFO: [IP_Flow 19-1686] Generating 'Miscellaneous' target for IP 'tri_rom_1024x14'...
INFO: [IP_Flow 19-1686] Generating 'Change Log' target for IP 'tri_rom_1024x14'...
catch { config_ip_cache -export [get_ips -all tri_rom_1024x14] }
export_ip_user_files -of_objects [get_files C:/Users/stega/Desktop/example1_wave_read_v7/example1_wave_read_v3/example1_wave_read_v1.srcs/sources_1/ip/tri_rom_1024x14/tri_rom_1024x14.xci] -no_script -sync -force -quiet
reset_run tri_rom_1024x14_synth_1
launch_runs tri_rom_1024x14_synth_1 -jobs 16
[Sat May 30 16:42:03 2026] Launched tri_rom_1024x14_synth_1...
Run output will be captured here: C:/Users/stega/Desktop/example1_wave_read_v7/example1_wave_read_v3/example1_wave_read_v1.runs/tri_rom_1024x14_synth_1/runme.log
export_simulation -lib_map_path [list {modelsim=C:/Users/stega/Desktop/example1_wave_read_v7/example1_wave_read_v3/example1_wave_read_v1.cache/compile_simlib/modelsim} {questa=C:/Users/stega/Desktop/example1_wave_read_v7/example1_wave_read_v3/example1_wave_read_v1.cache/compile_simlib/questa} {riviera=C:/Users/stega/Desktop/example1_wave_read_v7/example1_wave_read_v3/example1_wave_read_v1.cache/compile_simlib/riviera} {activehdl=C:/Users/stega/Desktop/example1_wave_read_v7/example1_wave_read_v3/example1_wave_read_v1.cache/compile_simlib/activehdl}] -of_objects [get_files C:/Users/stega/Desktop/example1_wave_read_v7/example1_wave_read_v3/example1_wave_read_v1.srcs/sources_1/ip/tri_rom_1024x14/tri_rom_1024x14.xci] -directory C:/Users/stega/Desktop/example1_wave_read_v7/example1_wave_read_v3/example1_wave_read_v1.ip_user_files/sim_scripts -ip_user_files_dir C:/Users/stega/Desktop/example1_wave_read_v7/example1_wave_read_v3/example1_wave_read_v1.ip_user_files -ipstatic_source_dir C:/Users/stega/Desktop/example1_wave_read_v7/example1_wave_read_v3/example1_wave_read_v1.ip_user_files/ipstatic -use_ip_compiled_libs -force -quiet
WARNING: [filemgmt 56-199] Attempt to get parsing info during refresh. "On-the-fly" syntax checking information may be incorrect. [C:\Users\stega\Desktop\example1_wave_read_v7\example1_wave_read_v3\example1_wave_read_v1.srcs\sources_1\new\an9767_driver.v:]
WARNING: [filemgmt 56-199] Attempt to get parsing info during refresh. "On-the-fly" syntax checking information may be incorrect. [C:\Users\stega\Desktop\example1_wave_read_v7\example1_wave_read_v3\example1_wave_read_v1.srcs\sources_1\new\dds_generator.v:]
WARNING: [filemgmt 56-199] Attempt to get parsing info during refresh. "On-the-fly" syntax checking information may be incorrect. [C:\Users\stega\Desktop\example1_wave_read_v7\example1_wave_read_v3\example1_wave_read_v1.srcs\sources_1\new\dds_generator.v:]
WARNING: [filemgmt 56-199] Attempt to get parsing info during refresh. "On-the-fly" syntax checking information may be incorrect. [C:\Users\stega\Desktop\example1_wave_read_v7\example1_wave_read_v3\example1_wave_read_v1.srcs\sources_1\new\dds_generator.v:]
reset_run synth_1
INFO: [Project 1-1161] Replacing file C:/Users/stega/Desktop/example1_wave_read_v7/example1_wave_read_v3/example1_wave_read_v1.srcs/utils_1/imports/synth_1/zynq_system_wrapper.dcp with file C:/Users/stega/Desktop/example1_wave_read_v7/example1_wave_read_v3/example1_wave_read_v1.runs/synth_1/zynq_system_wrapper.dcp
launch_runs impl_1 -to_step write_bitstream -jobs 16
INFO: [Vivado 12-4149] The synthesis checkpoint for IP 'C:/Users/stega/Desktop/example1_wave_read_v7/example1_wave_read_v3/example1_wave_read_v1.srcs/sources_1/ip/tri_rom_1024x14/tri_rom_1024x14.xci' is already up-to-date
INFO: [Vivado 12-4149] The synthesis checkpoint for IP 'C:/Users/stega/Desktop/example1_wave_read_v7/example1_wave_read_v3/example1_wave_read_v1.srcs/sources_1/ip/sin_rom_1024x14/sin_rom_1024x14.xci' is already up-to-date
[Sat May 30 16:43:08 2026] Launched synth_1...
Run output will be captured here: C:/Users/stega/Desktop/example1_wave_read_v7/example1_wave_read_v3/example1_wave_read_v1.runs/synth_1/runme.log
[Sat May 30 16:43:08 2026] Launched impl_1...
Run output will be captured here: C:/Users/stega/Desktop/example1_wave_read_v7/example1_wave_read_v3/example1_wave_read_v1.runs/impl_1/runme.log
WARNING: [IP_Flow 19-4067] Ignoring invalid widget type specified checkbox.Providing a default widget
WARNING: [IP_Flow 19-4067] Ignoring invalid widget type specified checkbox.Providing a default widget
set_property CONFIG.Enable_A {Use_ENA_Pin} [get_ips tri_rom_1024x14]
WARNING: [filemgmt 56-199] Attempt to get parsing info during refresh. "On-the-fly" syntax checking information may be incorrect. [C:\Users\stega\Desktop\example1_wave_read_v7\example1_wave_read_v3\example1_wave_read_v1.srcs\sources_1\new\an9767_driver.v:]
WARNING: [filemgmt 56-199] Attempt to get parsing info during refresh. "On-the-fly" syntax checking information may be incorrect. [C:\Users\stega\Desktop\example1_wave_read_v7\example1_wave_read_v3\example1_wave_read_v1.srcs\sources_1\new\dds_generator.v:]
WARNING: [filemgmt 56-199] Attempt to get parsing info during refresh. "On-the-fly" syntax checking information may be incorrect. [C:\Users\stega\Desktop\example1_wave_read_v7\example1_wave_read_v3\example1_wave_read_v1.srcs\sources_1\new\dds_generator.v:]
WARNING: [filemgmt 56-199] Attempt to get parsing info during refresh. "On-the-fly" syntax checking information may be incorrect. [C:\Users\stega\Desktop\example1_wave_read_v7\example1_wave_read_v3\example1_wave_read_v1.srcs\sources_1\new\dds_generator.v:]
generate_target all [get_files  C:/Users/stega/Desktop/example1_wave_read_v7/example1_wave_read_v3/example1_wave_read_v1.srcs/sources_1/ip/tri_rom_1024x14/tri_rom_1024x14.xci]
INFO: [IP_Flow 19-1686] Generating 'Instantiation Template' target for IP 'tri_rom_1024x14'...
INFO: [IP_Flow 19-1686] Generating 'Synthesis' target for IP 'tri_rom_1024x14'...
INFO: [IP_Flow 19-1686] Generating 'Simulation' target for IP 'tri_rom_1024x14'...
INFO: [IP_Flow 19-1686] Generating 'Miscellaneous' target for IP 'tri_rom_1024x14'...
INFO: [IP_Flow 19-1686] Generating 'Change Log' target for IP 'tri_rom_1024x14'...
catch { config_ip_cache -export [get_ips -all tri_rom_1024x14] }
INFO: [IP_Flow 19-4993] Using cached IP synthesis design for IP tri_rom_1024x14, cache-ID = ab1667cd114bfc05; cache size = 13.742 MB.
catch { [ delete_ip_run [get_ips -all tri_rom_1024x14] ] }
INFO: [Project 1-386] Moving file 'C:/Users/stega/Desktop/example1_wave_read_v7/example1_wave_read_v3/example1_wave_read_v1.srcs/sources_1/ip/tri_rom_1024x14/tri_rom_1024x14.xci' from fileset 'tri_rom_1024x14' to fileset 'sources_1'.
export_ip_user_files -of_objects [get_files C:/Users/stega/Desktop/example1_wave_read_v7/example1_wave_read_v3/example1_wave_read_v1.srcs/sources_1/ip/tri_rom_1024x14/tri_rom_1024x14.xci] -no_script -sync -force -quiet
create_ip_run [get_files -of_objects [get_fileset sources_1] C:/Users/stega/Desktop/example1_wave_read_v7/example1_wave_read_v3/example1_wave_read_v1.srcs/sources_1/ip/tri_rom_1024x14/tri_rom_1024x14.xci]
INFO: [Vivado 12-3453] The given sub-design is up-to-date, no action was taken.  If a run is still desired, use the '-force' option for the file:'C:/Users/stega/Desktop/example1_wave_read_v7/example1_wave_read_v3/example1_wave_read_v1.srcs/sources_1/ip/tri_rom_1024x14/tri_rom_1024x14.xci'
export_simulation -lib_map_path [list {modelsim=C:/Users/stega/Desktop/example1_wave_read_v7/example1_wave_read_v3/example1_wave_read_v1.cache/compile_simlib/modelsim} {questa=C:/Users/stega/Desktop/example1_wave_read_v7/example1_wave_read_v3/example1_wave_read_v1.cache/compile_simlib/questa} {riviera=C:/Users/stega/Desktop/example1_wave_read_v7/example1_wave_read_v3/example1_wave_read_v1.cache/compile_simlib/riviera} {activehdl=C:/Users/stega/Desktop/example1_wave_read_v7/example1_wave_read_v3/example1_wave_read_v1.cache/compile_simlib/activehdl}] -of_objects [get_files C:/Users/stega/Desktop/example1_wave_read_v7/example1_wave_read_v3/example1_wave_read_v1.srcs/sources_1/ip/tri_rom_1024x14/tri_rom_1024x14.xci] -directory C:/Users/stega/Desktop/example1_wave_read_v7/example1_wave_read_v3/example1_wave_read_v1.ip_user_files/sim_scripts -ip_user_files_dir C:/Users/stega/Desktop/example1_wave_read_v7/example1_wave_read_v3/example1_wave_read_v1.ip_user_files -ipstatic_source_dir C:/Users/stega/Desktop/example1_wave_read_v7/example1_wave_read_v3/example1_wave_read_v1.ip_user_files/ipstatic -use_ip_compiled_libs -force -quiet
update_compile_order -fileset sources_1
WARNING: [filemgmt 56-199] Attempt to get parsing info during refresh. "On-the-fly" syntax checking information may be incorrect. [C:\Users\stega\Desktop\example1_wave_read_v7\example1_wave_read_v3\example1_wave_read_v1.srcs\sources_1\new\an9767_driver.v:]
WARNING: [filemgmt 56-199] Attempt to get parsing info during refresh. "On-the-fly" syntax checking information may be incorrect. [C:\Users\stega\Desktop\example1_wave_read_v7\example1_wave_read_v3\example1_wave_read_v1.srcs\sources_1\new\dds_generator.v:]
WARNING: [filemgmt 56-199] Attempt to get parsing info during refresh. "On-the-fly" syntax checking information may be incorrect. [C:\Users\stega\Desktop\example1_wave_read_v7\example1_wave_read_v3\example1_wave_read_v1.srcs\sources_1\new\an9767_driver.v:]
WARNING: [filemgmt 56-199] Attempt to get parsing info during refresh. "On-the-fly" syntax checking information may be incorrect. [C:\Users\stega\Desktop\example1_wave_read_v7\example1_wave_read_v3\example1_wave_read_v1.srcs\sources_1\new\an9767_driver.v:]
reset_run synth_1
launch_runs impl_1 -to_step write_bitstream -jobs 16
INFO: [Vivado 12-4149] The synthesis checkpoint for IP 'C:/Users/stega/Desktop/example1_wave_read_v7/example1_wave_read_v3/example1_wave_read_v1.srcs/sources_1/ip/tri_rom_1024x14/tri_rom_1024x14.xci' is already up-to-date
INFO: [Vivado 12-4149] The synthesis checkpoint for IP 'C:/Users/stega/Desktop/example1_wave_read_v7/example1_wave_read_v3/example1_wave_read_v1.srcs/sources_1/ip/sin_rom_1024x14/sin_rom_1024x14.xci' is already up-to-date
INFO: [Vivado 12-4149] The synthesis checkpoint for IP 'C:/Users/stega/Desktop/example1_wave_read_v7/example1_wave_read_v3/example1_wave_read_v1.srcs/sources_1/ip/tri_rom_1024x14/tri_rom_1024x14.xci' is already up-to-date
[Sat May 30 16:47:47 2026] Launched synth_1...
Run output will be captured here: C:/Users/stega/Desktop/example1_wave_read_v7/example1_wave_read_v3/example1_wave_read_v1.runs/synth_1/runme.log
[Sat May 30 16:47:47 2026] Launched impl_1...
Run output will be captured here: C:/Users/stega/Desktop/example1_wave_read_v7/example1_wave_read_v3/example1_wave_read_v1.runs/impl_1/runme.log
open_hw_manager
close_hw_manager
WARNING: [filemgmt 56-199] Attempt to get parsing info during refresh. "On-the-fly" syntax checking information may be incorrect. [C:\Users\stega\Desktop\example1_wave_read_v7\example1_wave_read_v3\example1_wave_read_v1.srcs\sources_1\new\an9767_driver.v:]
WARNING: [filemgmt 56-199] Attempt to get parsing info during refresh. "On-the-fly" syntax checking information may be incorrect. [C:\Users\stega\Desktop\example1_wave_read_v7\example1_wave_read_v3\example1_wave_read_v1.srcs\sources_1\new\dds_generator.v:]
WARNING: [filemgmt 56-199] Attempt to get parsing info during refresh. "On-the-fly" syntax checking information may be incorrect. [C:\Users\stega\Desktop\example1_wave_read_v7\example1_wave_read_v3\example1_wave_read_v1.srcs\sources_1\new\an9767_driver.v:]
WARNING: [filemgmt 56-199] Attempt to get parsing info during refresh. "On-the-fly" syntax checking information may be incorrect. [C:\Users\stega\Desktop\example1_wave_read_v7\example1_wave_read_v3\example1_wave_read_v1.srcs\sources_1\new\an9767_driver.v:]
WARNING: [IP_Flow 19-4067] Ignoring invalid widget type specified checkbox.Providing a default widget
WARNING: [IP_Flow 19-4067] Ignoring invalid widget type specified checkbox.Providing a default widget
set_property CONFIG.Enable_A {Always_Enabled} [get_ips sin_rom_1024x14]
WARNING: [filemgmt 56-199] Attempt to get parsing info during refresh. "On-the-fly" syntax checking information may be incorrect. [C:\Users\stega\Desktop\example1_wave_read_v7\example1_wave_read_v3\example1_wave_read_v1.srcs\sources_1\new\an9767_driver.v:]
WARNING: [filemgmt 56-199] Attempt to get parsing info during refresh. "On-the-fly" syntax checking information may be incorrect. [C:\Users\stega\Desktop\example1_wave_read_v7\example1_wave_read_v3\example1_wave_read_v1.srcs\sources_1\new\dds_generator.v:]
WARNING: [filemgmt 56-199] Attempt to get parsing info during refresh. "On-the-fly" syntax checking information may be incorrect. [C:\Users\stega\Desktop\example1_wave_read_v7\example1_wave_read_v3\example1_wave_read_v1.srcs\sources_1\new\dds_generator.v:]
WARNING: [filemgmt 56-199] Attempt to get parsing info during refresh. "On-the-fly" syntax checking information may be incorrect. [C:\Users\stega\Desktop\example1_wave_read_v7\example1_wave_read_v3\example1_wave_read_v1.srcs\sources_1\new\dds_generator.v:]
generate_target all [get_files  C:/Users/stega/Desktop/example1_wave_read_v7/example1_wave_read_v3/example1_wave_read_v1.srcs/sources_1/ip/sin_rom_1024x14/sin_rom_1024x14.xci]
INFO: [IP_Flow 19-1686] Generating 'Instantiation Template' target for IP 'sin_rom_1024x14'...
INFO: [IP_Flow 19-1686] Generating 'Synthesis' target for IP 'sin_rom_1024x14'...
INFO: [IP_Flow 19-1686] Generating 'Simulation' target for IP 'sin_rom_1024x14'...
INFO: [IP_Flow 19-1686] Generating 'Miscellaneous' target for IP 'sin_rom_1024x14'...
INFO: [IP_Flow 19-1686] Generating 'Change Log' target for IP 'sin_rom_1024x14'...
catch { config_ip_cache -export [get_ips -all sin_rom_1024x14] }
export_ip_user_files -of_objects [get_files C:/Users/stega/Desktop/example1_wave_read_v7/example1_wave_read_v3/example1_wave_read_v1.srcs/sources_1/ip/sin_rom_1024x14/sin_rom_1024x14.xci] -no_script -sync -force -quiet
reset_run sin_rom_1024x14_synth_1
launch_runs sin_rom_1024x14_synth_1 -jobs 16
[Sat May 30 16:53:49 2026] Launched sin_rom_1024x14_synth_1...
Run output will be captured here: C:/Users/stega/Desktop/example1_wave_read_v7/example1_wave_read_v3/example1_wave_read_v1.runs/sin_rom_1024x14_synth_1/runme.log
export_simulation -lib_map_path [list {modelsim=C:/Users/stega/Desktop/example1_wave_read_v7/example1_wave_read_v3/example1_wave_read_v1.cache/compile_simlib/modelsim} {questa=C:/Users/stega/Desktop/example1_wave_read_v7/example1_wave_read_v3/example1_wave_read_v1.cache/compile_simlib/questa} {riviera=C:/Users/stega/Desktop/example1_wave_read_v7/example1_wave_read_v3/example1_wave_read_v1.cache/compile_simlib/riviera} {activehdl=C:/Users/stega/Desktop/example1_wave_read_v7/example1_wave_read_v3/example1_wave_read_v1.cache/compile_simlib/activehdl}] -of_objects [get_files C:/Users/stega/Desktop/example1_wave_read_v7/example1_wave_read_v3/example1_wave_read_v1.srcs/sources_1/ip/sin_rom_1024x14/sin_rom_1024x14.xci] -directory C:/Users/stega/Desktop/example1_wave_read_v7/example1_wave_read_v3/example1_wave_read_v1.ip_user_files/sim_scripts -ip_user_files_dir C:/Users/stega/Desktop/example1_wave_read_v7/example1_wave_read_v3/example1_wave_read_v1.ip_user_files -ipstatic_source_dir C:/Users/stega/Desktop/example1_wave_read_v7/example1_wave_read_v3/example1_wave_read_v1.ip_user_files/ipstatic -use_ip_compiled_libs -force -quiet
WARNING: [IP_Flow 19-4067] Ignoring invalid widget type specified checkbox.Providing a default widget
WARNING: [IP_Flow 19-4067] Ignoring invalid widget type specified checkbox.Providing a default widget
set_property CONFIG.Enable_A {Always_Enabled} [get_ips tri_rom_1024x14]
WARNING: [filemgmt 56-199] Attempt to get parsing info during refresh. "On-the-fly" syntax checking information may be incorrect. [C:\Users\stega\Desktop\example1_wave_read_v7\example1_wave_read_v3\example1_wave_read_v1.srcs\sources_1\new\an9767_driver.v:]
WARNING: [filemgmt 56-199] Attempt to get parsing info during refresh. "On-the-fly" syntax checking information may be incorrect. [C:\Users\stega\Desktop\example1_wave_read_v7\example1_wave_read_v3\example1_wave_read_v1.srcs\sources_1\new\dds_generator.v:]
WARNING: [filemgmt 56-199] Attempt to get parsing info during refresh. "On-the-fly" syntax checking information may be incorrect. [C:\Users\stega\Desktop\example1_wave_read_v7\example1_wave_read_v3\example1_wave_read_v1.srcs\sources_1\new\dds_generator.v:]
WARNING: [filemgmt 56-199] Attempt to get parsing info during refresh. "On-the-fly" syntax checking information may be incorrect. [C:\Users\stega\Desktop\example1_wave_read_v7\example1_wave_read_v3\example1_wave_read_v1.srcs\sources_1\new\dds_generator.v:]
generate_target all [get_files  C:/Users/stega/Desktop/example1_wave_read_v7/example1_wave_read_v3/example1_wave_read_v1.srcs/sources_1/ip/tri_rom_1024x14/tri_rom_1024x14.xci]
INFO: [IP_Flow 19-1686] Generating 'Instantiation Template' target for IP 'tri_rom_1024x14'...
INFO: [IP_Flow 19-1686] Generating 'Synthesis' target for IP 'tri_rom_1024x14'...
INFO: [IP_Flow 19-1686] Generating 'Simulation' target for IP 'tri_rom_1024x14'...
INFO: [IP_Flow 19-1686] Generating 'Miscellaneous' target for IP 'tri_rom_1024x14'...
INFO: [IP_Flow 19-1686] Generating 'Change Log' target for IP 'tri_rom_1024x14'...
catch { config_ip_cache -export [get_ips -all tri_rom_1024x14] }
INFO: [IP_Flow 19-4993] Using cached IP synthesis design for IP tri_rom_1024x14, cache-ID = 0cb80f0ad2a58e04; cache size = 13.742 MB.
export_ip_user_files -of_objects [get_files C:/Users/stega/Desktop/example1_wave_read_v7/example1_wave_read_v3/example1_wave_read_v1.srcs/sources_1/ip/tri_rom_1024x14/tri_rom_1024x14.xci] -no_script -sync -force -quiet
create_ip_run [get_files -of_objects [get_fileset sources_1] C:/Users/stega/Desktop/example1_wave_read_v7/example1_wave_read_v3/example1_wave_read_v1.srcs/sources_1/ip/tri_rom_1024x14/tri_rom_1024x14.xci]
INFO: [Vivado 12-3453] The given sub-design is up-to-date, no action was taken.  If a run is still desired, use the '-force' option for the file:'C:/Users/stega/Desktop/example1_wave_read_v7/example1_wave_read_v3/example1_wave_read_v1.srcs/sources_1/ip/tri_rom_1024x14/tri_rom_1024x14.xci'
export_simulation -lib_map_path [list {modelsim=C:/Users/stega/Desktop/example1_wave_read_v7/example1_wave_read_v3/example1_wave_read_v1.cache/compile_simlib/modelsim} {questa=C:/Users/stega/Desktop/example1_wave_read_v7/example1_wave_read_v3/example1_wave_read_v1.cache/compile_simlib/questa} {riviera=C:/Users/stega/Desktop/example1_wave_read_v7/example1_wave_read_v3/example1_wave_read_v1.cache/compile_simlib/riviera} {activehdl=C:/Users/stega/Desktop/example1_wave_read_v7/example1_wave_read_v3/example1_wave_read_v1.cache/compile_simlib/activehdl}] -of_objects [get_files C:/Users/stega/Desktop/example1_wave_read_v7/example1_wave_read_v3/example1_wave_read_v1.srcs/sources_1/ip/tri_rom_1024x14/tri_rom_1024x14.xci] -directory C:/Users/stega/Desktop/example1_wave_read_v7/example1_wave_read_v3/example1_wave_read_v1.ip_user_files/sim_scripts -ip_user_files_dir C:/Users/stega/Desktop/example1_wave_read_v7/example1_wave_read_v3/example1_wave_read_v1.ip_user_files -ipstatic_source_dir C:/Users/stega/Desktop/example1_wave_read_v7/example1_wave_read_v3/example1_wave_read_v1.ip_user_files/ipstatic -use_ip_compiled_libs -force -quiet
WARNING: [filemgmt 56-199] Attempt to get parsing info during refresh. "On-the-fly" syntax checking information may be incorrect. [C:\Users\stega\Desktop\example1_wave_read_v7\example1_wave_read_v3\example1_wave_read_v1.srcs\sources_1\new\an9767_driver.v:]
WARNING: [filemgmt 56-199] Attempt to get parsing info during refresh. "On-the-fly" syntax checking information may be incorrect. [C:\Users\stega\Desktop\example1_wave_read_v7\example1_wave_read_v3\example1_wave_read_v1.srcs\sources_1\new\dds_generator.v:]
WARNING: [filemgmt 56-199] Attempt to get parsing info during refresh. "On-the-fly" syntax checking information may be incorrect. [C:\Users\stega\Desktop\example1_wave_read_v7\example1_wave_read_v3\example1_wave_read_v1.srcs\sources_1\new\dds_generator.v:]
WARNING: [filemgmt 56-199] Attempt to get parsing info during refresh. "On-the-fly" syntax checking information may be incorrect. [C:\Users\stega\Desktop\example1_wave_read_v7\example1_wave_read_v3\example1_wave_read_v1.srcs\sources_1\new\dds_generator.v:]
reset_run synth_1
INFO: [Project 1-1161] Replacing file C:/Users/stega/Desktop/example1_wave_read_v7/example1_wave_read_v3/example1_wave_read_v1.srcs/utils_1/imports/synth_1/zynq_system_wrapper.dcp with file C:/Users/stega/Desktop/example1_wave_read_v7/example1_wave_read_v3/example1_wave_read_v1.runs/synth_1/zynq_system_wrapper.dcp
launch_runs impl_1 -to_step write_bitstream -jobs 16
WARNING: [filemgmt 56-199] Attempt to get parsing info during refresh. "On-the-fly" syntax checking information may be incorrect. [C:\Users\stega\Desktop\example1_wave_read_v7\example1_wave_read_v3\example1_wave_read_v1.srcs\sources_1\new\an9767_driver.v:]
WARNING: [filemgmt 56-199] Attempt to get parsing info during refresh. "On-the-fly" syntax checking information may be incorrect. [C:\Users\stega\Desktop\example1_wave_read_v7\example1_wave_read_v3\example1_wave_read_v1.srcs\sources_1\new\dds_generator.v:]
WARNING: [filemgmt 56-199] Attempt to get parsing info during refresh. "On-the-fly" syntax checking information may be incorrect. [C:\Users\stega\Desktop\example1_wave_read_v7\example1_wave_read_v3\example1_wave_read_v1.srcs\sources_1\new\an9767_driver.v:]
WARNING: [filemgmt 56-199] Attempt to get parsing info during refresh. "On-the-fly" syntax checking information may be incorrect. [C:\Users\stega\Desktop\example1_wave_read_v7\example1_wave_read_v3\example1_wave_read_v1.srcs\sources_1\new\an9767_driver.v:]
INFO: [Vivado 12-4149] The synthesis checkpoint for IP 'C:/Users/stega/Desktop/example1_wave_read_v7/example1_wave_read_v3/example1_wave_read_v1.srcs/sources_1/ip/tri_rom_1024x14/tri_rom_1024x14.xci' is already up-to-date
INFO: [Vivado 12-4149] The synthesis checkpoint for IP 'C:/Users/stega/Desktop/example1_wave_read_v7/example1_wave_read_v3/example1_wave_read_v1.srcs/sources_1/ip/sin_rom_1024x14/sin_rom_1024x14.xci' is already up-to-date
INFO: [Vivado 12-4149] The synthesis checkpoint for IP 'C:/Users/stega/Desktop/example1_wave_read_v7/example1_wave_read_v3/example1_wave_read_v1.srcs/sources_1/ip/tri_rom_1024x14/tri_rom_1024x14.xci' is already up-to-date
[Sat May 30 16:55:12 2026] Launched synth_1...
Run output will be captured here: C:/Users/stega/Desktop/example1_wave_read_v7/example1_wave_read_v3/example1_wave_read_v1.runs/synth_1/runme.log
[Sat May 30 16:55:12 2026] Launched impl_1...
Run output will be captured here: C:/Users/stega/Desktop/example1_wave_read_v7/example1_wave_read_v3/example1_wave_read_v1.runs/impl_1/runme.log
open_hw_manager
write_hw_platform -fixed -include_bit -force -file C:/Users/stega/Desktop/example1_wave_read_v7/example1_wave_read_v3/zynq_system_wrapper.xsa
INFO: [Projectvivado 1-1918] Creating Hardware Platform: C:/Users/stega/Desktop/example1_wave_read_v7/example1_wave_read_v3/zynq_system_wrapper.xsa ...
INFO: [Projectvivado 1-1943] The Hardware Platform can be used for Hardware
INFO: [Projectvivado 1-1941] Successfully created Hardware Platform: C:/Users/stega/Desktop/example1_wave_read_v7/example1_wave_read_v3/zynq_system_wrapper.xsa
close_hw_manager
WARNING: [IP_Flow 19-4067] Ignoring invalid widget type specified checkbox.Providing a default widget
WARNING: [IP_Flow 19-4067] Ignoring invalid widget type specified checkbox.Providing a default widget
WARNING: [IP_Flow 19-4067] Ignoring invalid widget type specified checkbox.Providing a default widget
WARNING: [IP_Flow 19-4067] Ignoring invalid widget type specified checkbox.Providing a default widget
open_hw_manager
connect_hw_server -allow_non_jtag
INFO: [Labtools 27-2285] Connecting to hw_server url TCP:localhost:3121
INFO: [Labtools 27-2222] Launching hw_server...
INFO: [Labtools 27-2221] Launch Output:

****** Xilinx hw_server v2025.2
  **** Build date : Oct 28 2025 at 10:03:13
    ** Copyright 1986-2022 Xilinx, Inc. All Rights Reserved.


INFO: [Labtools 27-3415] Connecting to cs_server url TCP:localhost:0
INFO: [Labtools 27-3417] Launching cs_server...
INFO: [Labtools 27-2221] Launch Output:


******** Xilinx cs_server v2025.2.0
  ****** Build date   : Nov 14 2025-07:16:52
    **** Build number : 2025.2.1763075812
      ** Copyright 2017-2022 Xilinx, Inc. All Rights Reserved.
      ** Copyright 2022-2026 Advanced Micro Devices, Inc. All Rights Reserved.



connect_hw_server: Time (s): cpu = 00:00:01 ; elapsed = 00:00:07 . Memory (MB): peak = 2181.066 ; gain = 0.000
open_hw_target
INFO: [Labtoolstcl 44-466] Opening hw_target localhost:3121/xilinx_tcf/Digilent/210512180081
set_property PROGRAM.FILE {C:/Users/stega/Desktop/example1_wave_read_v7/example1_wave_read_v3/example1_wave_read_v1.runs/impl_1/zynq_system_wrapper.bit} [get_hw_devices xc7z020_1]
current_hw_device [get_hw_devices xc7z020_1]
refresh_hw_device -update_hw_probes false [lindex [get_hw_devices xc7z020_1] 0]
INFO: [Labtools 27-1435] Device xc7z020 (JTAG device index = 1) is not programmed (DONE status = 0).
set_property PROBES.FILE {} [get_hw_devices xc7z020_1]
set_property FULL_PROBES.FILE {} [get_hw_devices xc7z020_1]
set_property PROGRAM.FILE {C:/Users/stega/Desktop/example1_wave_read_v7/example1_wave_read_v3/example1_wave_read_v1.runs/impl_1/zynq_system_wrapper.bit} [get_hw_devices xc7z020_1]
program_hw_devices [get_hw_devices xc7z020_1]
INFO: [Labtools 27-3164] End of startup status: HIGH
refresh_hw_device [lindex [get_hw_devices xc7z020_1] 0]
INFO: [Labtools 27-1434] Device xc7z020 (JTAG device index = 1) is programmed with a design that has no supported soft debug core(s) in it.
set_property PROBES.FILE {} [get_hw_devices xc7z020_1]
set_property FULL_PROBES.FILE {} [get_hw_devices xc7z020_1]
set_property PROGRAM.FILE {C:/Users/stega/Desktop/example1_wave_read_v7/example1_wave_read_v3/example1_wave_read_v1.runs/impl_1/zynq_system_wrapper.bit} [get_hw_devices xc7z020_1]
program_hw_devices [get_hw_devices xc7z020_1]
INFO: [Labtools 27-3164] End of startup status: HIGH
refresh_hw_device [lindex [get_hw_devices xc7z020_1] 0]
INFO: [Labtools 27-1434] Device xc7z020 (JTAG device index = 1) is programmed with a design that has no supported soft debug core(s) in it.
ERROR: [Labtoolstcl 44-513] HW Target shutdown. Closing target: localhost:3121/xilinx_tcf/Digilent/210512180081
INFO: [Labtoolstcl 44-466] Opening hw_target localhost:3121/xilinx_tcf/Digilent/210512180081
WARNING: [Labtoolstcl 44-129] No matching hw_ila_data was found.
INFO: [Labtools 27-1435] Device xc7z020 (JTAG device index = 1) is not programmed (DONE status = 0).
WARNING: [Labtoolstcl 44-129] No matching hw_ila_data was found.
set_property PROBES.FILE {} [get_hw_devices xc7z020_1]
set_property FULL_PROBES.FILE {} [get_hw_devices xc7z020_1]
set_property PROGRAM.FILE {C:/Users/stega/Desktop/example1_wave_read_v7/example1_wave_read_v3/example1_wave_read_v1.runs/impl_1/zynq_system_wrapper.bit} [get_hw_devices xc7z020_1]
program_hw_devices [get_hw_devices xc7z020_1]
INFO: [Labtools 27-3164] End of startup status: HIGH
refresh_hw_device [lindex [get_hw_devices xc7z020_1] 0]
INFO: [Labtools 27-1434] Device xc7z020 (JTAG device index = 1) is programmed with a design that has no supported soft debug core(s) in it.
ERROR: [Labtoolstcl 44-513] HW Target shutdown. Closing target: localhost:3121/xilinx_tcf/Digilent/210512180081
INFO: [Labtoolstcl 44-466] Opening hw_target localhost:3121/xilinx_tcf/Digilent/210512180081
WARNING: [Labtoolstcl 44-129] No matching hw_ila_data was found.
INFO: [Labtools 27-1435] Device xc7z020 (JTAG device index = 1) is not programmed (DONE status = 0).
WARNING: [Labtoolstcl 44-129] No matching hw_ila_data was found.
ERROR: [Labtoolstcl 44-513] HW Target shutdown. Closing target: localhost:3121/xilinx_tcf/Digilent/210512180081
INFO: [Labtoolstcl 44-466] Opening hw_target localhost:3121/xilinx_tcf/Digilent/210512180081
WARNING: [Labtoolstcl 44-129] No matching hw_ila_data was found.
INFO: [Labtools 27-1435] Device xc7z020 (JTAG device index = 1) is not programmed (DONE status = 0).
WARNING: [Labtoolstcl 44-129] No matching hw_ila_data was found.
set_property PROBES.FILE {} [get_hw_devices xc7z020_1]
set_property FULL_PROBES.FILE {} [get_hw_devices xc7z020_1]
set_property PROGRAM.FILE {C:/Users/stega/Desktop/example1_wave_read_v7/example1_wave_read_v3/example1_wave_read_v1.runs/impl_1/zynq_system_wrapper.bit} [get_hw_devices xc7z020_1]
program_hw_devices [get_hw_devices xc7z020_1]
INFO: [Labtools 27-3164] End of startup status: HIGH
refresh_hw_device [lindex [get_hw_devices xc7z020_1] 0]
INFO: [Labtools 27-1434] Device xc7z020 (JTAG device index = 1) is programmed with a design that has no supported soft debug core(s) in it.
ERROR: [Labtoolstcl 44-513] HW Target shutdown. Closing target: localhost:3121/xilinx_tcf/Digilent/210512180081
INFO: [Labtoolstcl 44-466] Opening hw_target localhost:3121/xilinx_tcf/Digilent/210512180081
WARNING: [Labtoolstcl 44-129] No matching hw_ila_data was found.
INFO: [Labtools 27-1435] Device xc7z020 (JTAG device index = 1) is not programmed (DONE status = 0).
WARNING: [Labtoolstcl 44-129] No matching hw_ila_data was found.
set_property PROBES.FILE {} [get_hw_devices xc7z020_1]
set_property FULL_PROBES.FILE {} [get_hw_devices xc7z020_1]
set_property PROGRAM.FILE {C:/Users/stega/Desktop/example1_wave_read_v7/example1_wave_read_v3/example1_wave_read_v1.runs/impl_1/zynq_system_wrapper.bit} [get_hw_devices xc7z020_1]
program_hw_devices [get_hw_devices xc7z020_1]
INFO: [Labtools 27-3164] End of startup status: HIGH
refresh_hw_device [lindex [get_hw_devices xc7z020_1] 0]
INFO: [Labtools 27-1434] Device xc7z020 (JTAG device index = 1) is programmed with a design that has no supported soft debug core(s) in it.
ERROR: [Labtoolstcl 44-513] HW Target shutdown. Closing target: localhost:3121/xilinx_tcf/Digilent/210512180081
INFO: [Labtoolstcl 44-466] Opening hw_target localhost:3121/xilinx_tcf/Digilent/210512180081
WARNING: [Labtoolstcl 44-129] No matching hw_ila_data was found.
INFO: [Labtools 27-1435] Device xc7z020 (JTAG device index = 1) is not programmed (DONE status = 0).
WARNING: [Labtoolstcl 44-129] No matching hw_ila_data was found.
set_property PROBES.FILE {} [get_hw_devices xc7z020_1]
set_property FULL_PROBES.FILE {} [get_hw_devices xc7z020_1]
set_property PROGRAM.FILE {C:/Users/stega/Desktop/example1_wave_read_v7/example1_wave_read_v3/example1_wave_read_v1.runs/impl_1/zynq_system_wrapper.bit} [get_hw_devices xc7z020_1]
program_hw_devices [get_hw_devices xc7z020_1]
INFO: [Labtools 27-3164] End of startup status: HIGH
refresh_hw_device [lindex [get_hw_devices xc7z020_1] 0]
INFO: [Labtools 27-1434] Device xc7z020 (JTAG device index = 1) is programmed with a design that has no supported soft debug core(s) in it.
set_property PROBES.FILE {} [get_hw_devices xc7z020_1]
set_property FULL_PROBES.FILE {} [get_hw_devices xc7z020_1]
set_property PROGRAM.FILE {C:/Users/stega/Desktop/example1_wave_read_v7/example1_wave_read_v3/example1_wave_read_v1.runs/impl_1/zynq_system_wrapper.bit} [get_hw_devices xc7z020_1]
program_hw_devices [get_hw_devices xc7z020_1]
INFO: [Labtools 27-3164] End of startup status: HIGH
refresh_hw_device [lindex [get_hw_devices xc7z020_1] 0]
INFO: [Labtools 27-1434] Device xc7z020 (JTAG device index = 1) is programmed with a design that has no supported soft debug core(s) in it.
set_property PROBES.FILE {} [get_hw_devices xc7z020_1]
set_property FULL_PROBES.FILE {} [get_hw_devices xc7z020_1]
set_property PROGRAM.FILE {C:/Users/stega/Desktop/example1_wave_read_v7/example1_wave_read_v3/example1_wave_read_v1.runs/impl_1/zynq_system_wrapper.bit} [get_hw_devices xc7z020_1]
program_hw_devices [get_hw_devices xc7z020_1]
INFO: [Labtools 27-3164] End of startup status: HIGH
refresh_hw_device [lindex [get_hw_devices xc7z020_1] 0]
INFO: [Labtools 27-1434] Device xc7z020 (JTAG device index = 1) is programmed with a design that has no supported soft debug core(s) in it.
ERROR: [Labtoolstcl 44-513] HW Target shutdown. Closing target: localhost:3121/xilinx_tcf/Digilent/210512180081
INFO: [Labtoolstcl 44-466] Opening hw_target localhost:3121/xilinx_tcf/Digilent/210512180081
WARNING: [Labtoolstcl 44-129] No matching hw_ila_data was found.
INFO: [Labtools 27-1435] Device xc7z020 (JTAG device index = 1) is not programmed (DONE status = 0).
WARNING: [Labtoolstcl 44-129] No matching hw_ila_data was found.
ERROR: [Labtoolstcl 44-513] HW Target shutdown. Closing target: localhost:3121/xilinx_tcf/Digilent/210512180081
INFO: [Labtoolstcl 44-466] Opening hw_target localhost:3121/xilinx_tcf/Digilent/210512180081
WARNING: [Labtoolstcl 44-129] No matching hw_ila_data was found.
INFO: [Labtools 27-1435] Device xc7z020 (JTAG device index = 1) is not programmed (DONE status = 0).
WARNING: [Labtoolstcl 44-129] No matching hw_ila_data was found.
set_property PROBES.FILE {} [get_hw_devices xc7z020_1]
set_property FULL_PROBES.FILE {} [get_hw_devices xc7z020_1]
set_property PROGRAM.FILE {C:/Users/stega/Desktop/example1_wave_read_v7/example1_wave_read_v3/example1_wave_read_v1.runs/impl_1/zynq_system_wrapper.bit} [get_hw_devices xc7z020_1]
program_hw_devices [get_hw_devices xc7z020_1]
INFO: [Labtools 27-3164] End of startup status: HIGH
refresh_hw_device [lindex [get_hw_devices xc7z020_1] 0]
INFO: [Labtools 27-1434] Device xc7z020 (JTAG device index = 1) is programmed with a design that has no supported soft debug core(s) in it.
ERROR: [Labtoolstcl 44-513] HW Target shutdown. Closing target: localhost:3121/xilinx_tcf/Digilent/210512180081
INFO: [Labtoolstcl 44-466] Opening hw_target localhost:3121/xilinx_tcf/Digilent/210512180081
ERROR: [Labtools 27-2312] Device arm_dap_0 is no longer available.
Check cable connectivity and that the target board is powered up then
use the disconnect_hw_server and connect_hw_server to re-initialize the hardware target.
Use open_hw_target to re-register the hardware device.
WARNING: [Labtoolstcl 44-129] No matching hw_ila_data was found.
ERROR: [Labtools 27-2312] Device xc7z020_1 is no longer available.
Check cable connectivity and that the target board is powered up then
use the disconnect_hw_server and connect_hw_server to re-initialize the hardware target.
Use open_hw_target to re-register the hardware device.
WARNING: [Labtoolstcl 44-129] No matching hw_ila_data was found.
ERROR: [Labtoolstcl 44-513] HW Target shutdown. Closing target: localhost:3121/xilinx_tcf/Digilent/210512180081
ERROR: [Labtoolstcl 44-695] CS Server shut down, disconnecting from server: localhost:3121
